<?xml version="1.0" encoding="UTF-8"?>
<!-- Generated by org.testng.reporters.JUnitXMLReporter -->
<testsuite ignored="3" hostname="DESKTOP-URBV8N7" failures="0" tests="1" name="Default test(failed)" time="9.616" errors="0" timestamp="2023-01-05T13:19:53 GMT-05:00">
  <testcase classname="TestCases.Priority_LoginPageTest" name="verifyLogoTest" time="0.096"/>
  <testcase classname="TestCases.Priority_LoginPageTest" name="verifyBotLogoTest" time="0.0">
    <ignored/>
  </testcase> <!-- verifyBotLogoTest -->
  <testcase classname="TestCases.Priority_LoginPageTest" name="verifyUrlTest" time="0.0">
    <ignored/>
  </testcase> <!-- verifyUrlTest -->
  <testcase classname="TestCases.Priority_LoginPageTest" name="verifyTitleTest" time="0.0">
    <ignored/>
  </testcase> <!-- verifyTitleTest -->
</testsuite> <!-- Default test(failed) -->
