<?xml version="1.0" encoding="UTF-8"?>
<!-- Generated by org.testng.reporters.JUnitXMLReporter -->
<testsuite ignored="0" hostname="DESKTOP-URBV8N7" failures="0" tests="4" name="Test" time="15.329" errors="0" timestamp="2023-01-04T14:37:22 GMT-05:00">
  <testcase classname="TestCases.Group_LoginPageTest" name="verifyBotLogoTest" time="0.097"/>
  <testcase classname="TestCases.Group_LoginPageTest" name="verifyLogoTest" time="0.072"/>
  <testcase classname="TestCases.Group_LoginPageTest" name="verifyTitleTest" time="0.034"/>
  <testcase classname="TestCases.Group_LoginPageTest" name="verifyUrlTest" time="0.021"/>
</testsuite> <!-- Test -->
